Waiting for odometry change...
Odometry change successful!
path: 

10 [ 500.00 ][ 500.00 ][ 500.00 ][ 500.00 ][ 500.00 ][ 500.00 ][ 500.00 ][ 500.00 ][ 500.00 ][ 500.00 ][ 500.00 ]

9  [ 500.00 ][ 500.00 ][ 500.00 ][ 500.00 ][ 500.00 ][ 500.00 ][ 500.00 ][ 500.00 ][ 500.00 ][ 500.00 ][ 500.00 ]

8  [ 500.00 ][ 500.00 ][ 500.00 ][ 500.00 ][ 500.00 ][ 500.00 ][ 500.00 ][ 500.00 ][ 500.00 ][ 500.00 ][ 500.00 ]

7  [ 500.00 ][ 500.00 ][ 500.00 ][ 500.00 ][ 500.00 ][ 0.00   ][ 500.00 ][ 500.00 ][ 500.00 ][ 500.00 ][ 500.00 ]

6  [ 500.00 ][ 500.00 ][ 500.00 ][ 500.00 ][ 500.00 ][ 500.00 ][ 500.00 ][ 500.00 ][ 500.00 ][ 500.00 ][ 500.00 ]

5  [ 500.00 ][ 500.00 ][ 500.00 ][ 500.00 ][ 500.00 ][ 500.00 ][ 500.00 ][ 500.00 ][ 500.00 ][ 500.00 ][ 500.00 ]

4  [ 500.00 ][ 500.00 ][ 500.00 ][ 500.00 ][ 500.00 ][ 500.00 ][ 500.00 ][ 500.00 ][ 500.00 ][ 500.00 ][ 500.00 ]

3  [ 500.00 ][ 500.00 ][ 500.00 ][ 500.00 ][ 500.00 ][ 500.00 ][ 500.00 ][ 500.00 ][ 500.00 ][ 500.00 ][ 500.00 ]

2  [ 500.00 ][ 500.00 ][ 500.00 ][ 500.00 ][ 500.00 ][ 500.00 ][ 500.00 ][ 500.00 ][ 500.00 ][ 500.00 ][ 500.00 ]

1  [ 500.00 ][ 500.00 ][ 500.00 ][ 500.00 ][ 500.00 ][ 500.00 ][ 500.00 ][ 500.00 ][ 500.00 ][ 500.00 ][ 500.00 ]

0  [ 500.00 ][ 500.00 ][ 500.00 ][ 500.00 ][ 500.00 ][ 500.00 ][ 500.00 ][ 500.00 ][ 500.00 ][ 500.00 ][ 500.00 ]
        0         1         2         3         4         5         6         7         8         9         10     

10 [ ##### ][ ##### ][ ##### ][ ##### ][ ##### ][ ##### ][ ##### ][ ##### ][ ##### ][ ##### ][ ##### ]

9  [ ##### ][       ][       ][       ][       ][ ##### ][       ][       ][       ][ ##### ][ ##### ]

8  [ ##### ][ ##### ][ ##### ][ ##### ][ ##### ][ ##### ][       ][       ][       ][ ##### ][ ##### ]

7  [ ##### ][       ][       ][       ][       ][ GOAL  ][       ][       ][       ][ ##### ][ ##### ]

6  [ ##### ][       ][       ][       ][       ][       ][ ##### ][ ##### ][ ##### ][ ##### ][ ##### ]

5  [ ##### ][       ][       ][       ][       ][       ][ ##### ][       ][       ][       ][ ##### ]

4  [ ##### ][       ][       ][       ][       ][       ][ ##### ][       ][       ][       ][ ##### ]

3  [ ##### ][       ][       ][       ][       ][       ][ ##### ][       ][       ][       ][ ##### ]

2  [ ##### ][ ROBOT ][       ][       ][       ][       ][ ##### ][       ][       ][       ][ ##### ]

1  [ ##### ][ ##### ][ ##### ][ ##### ][ ##### ][ ##### ][ ##### ][       ][       ][       ][ ##### ]

0  [ ##### ][ ##### ][ ##### ][ ##### ][ ##### ][ ##### ][ ##### ][ ##### ][ ##### ][ ##### ][ ##### ]
       0        1        2        3        4        5        6        7        8        9        10    

path: [2.99, 4.74]->[3.41, 5.41]->[4.41, 6.41]->[5.41, 7.41]

10 [ 500.00 ][ 500.00 ][ 500.00 ][ 500.00 ][ 500.00 ][ 500.00 ][ 500.00 ][ 500.00 ][ 500.00 ][ 500.00 ][ 500.00 ]

9  [ 500.00 ][ 500.00 ][ 500.00 ][ 500.00 ][ 500.00 ][ 500.00 ][ 2.41   ][ 2.83   ][ 3.83   ][ 500.00 ][ 500.00 ]

8  [ 500.00 ][ 500.00 ][ 500.00 ][ 500.00 ][ 500.00 ][ 500.00 ][ 1.41   ][ 2.41   ][ 3.41   ][ 500.00 ][ 500.00 ]

7  [ 500.00 ][ 4.00   ][ 3.00   ][ 2.00   ][ 1.00   ][ 0.00   ][ 1.00   ][ 2.00   ][ 3.00   ][ 500.00 ][ 500.00 ]

6  [ 500.00 ][ 4.41   ][ 3.41   ][ 2.41   ][ 1.41   ][ 1.00   ][ 500.00 ][ 500.00 ][ 500.00 ][ 500.00 ][ 500.00 ]

5  [ 500.00 ][ 4.83   ][ 3.83   ][ 2.83   ][ 2.41   ][ 2.00   ][ 500.00 ][ 500.00 ][ 500.00 ][ 500.00 ][ 500.00 ]

4  [ 500.00 ][ 5.24   ][ 4.24   ][ 3.83   ][ 3.41   ][ 3.00   ][ 500.00 ][ 500.00 ][ 500.00 ][ 500.00 ][ 500.00 ]

3  [ 500.00 ][ 5.66   ][ 5.24   ][ 4.83   ][ 4.41   ][ 4.00   ][ 500.00 ][ 500.00 ][ 500.00 ][ 500.00 ][ 500.00 ]

2  [ 500.00 ][ 6.66   ][ 6.24   ][ 5.83   ][ 5.41   ][ 5.00   ][ 500.00 ][ 500.00 ][ 500.00 ][ 500.00 ][ 500.00 ]

1  [ 500.00 ][ 500.00 ][ 500.00 ][ 500.00 ][ 500.00 ][ 500.00 ][ 500.00 ][ 500.00 ][ 500.00 ][ 500.00 ][ 500.00 ]

0  [ 500.00 ][ 500.00 ][ 500.00 ][ 500.00 ][ 500.00 ][ 500.00 ][ 500.00 ][ 500.00 ][ 500.00 ][ 500.00 ][ 500.00 ]
        0         1         2         3         4         5         6         7         8         9         10     

10 [ ##### ][ ##### ][ ##### ][ ##### ][ ##### ][ ##### ][ ##### ][ ##### ][ ##### ][ ##### ][ ##### ]

9  [ ##### ][       ][       ][       ][       ][ ##### ][       ][       ][       ][ ##### ][ ##### ]

8  [ ##### ][ ##### ][ ##### ][ ##### ][ ##### ][ ##### ][       ][       ][       ][ ##### ][ ##### ]

7  [ ##### ][       ][       ][       ][       ][ GOAL  ][       ][       ][       ][ ##### ][ ##### ]

6  [ ##### ][       ][       ][       ][   *   ][       ][ ##### ][ ##### ][ ##### ][ ##### ][ ##### ]

5  [ ##### ][       ][       ][   *   ][       ][       ][ ##### ][       ][       ][       ][ ##### ]

4  [ ##### ][       ][   *   ][       ][       ][       ][ ##### ][       ][       ][       ][ ##### ]

3  [ ##### ][       ][       ][       ][       ][       ][ ##### ][       ][       ][       ][ ##### ]

2  [ ##### ][ ROBOT ][       ][       ][       ][       ][ ##### ][       ][       ][       ][ ##### ]

1  [ ##### ][ ##### ][ ##### ][ ##### ][ ##### ][ ##### ][ ##### ][       ][       ][       ][ ##### ]

0  [ ##### ][ ##### ][ ##### ][ ##### ][ ##### ][ ##### ][ ##### ][ ##### ][ ##### ][ ##### ][ ##### ]
       0        1        2        3        4        5        6        7        8        9        10    

cell x: 1.50, cell y: 2.50
x: 0.45, y: 0.75, heading 1.57

-------------------------------------------------------------------------

path: [3.41, 5.41]->[4.41, 6.41]->[5.41, 7.41]

10 [ 500.00 ][ 500.00 ][ 500.00 ][ 500.00 ][ 500.00 ][ 500.00 ][ 500.00 ][ 500.00 ][ 500.00 ][ 500.00 ][ 500.00 ]

9  [ 500.00 ][ 500.00 ][ 500.00 ][ 500.00 ][ 500.00 ][ 500.00 ][ 2.41   ][ 2.83   ][ 3.83   ][ 500.00 ][ 500.00 ]

8  [ 500.00 ][ 500.00 ][ 500.00 ][ 500.00 ][ 500.00 ][ 500.00 ][ 1.41   ][ 2.41   ][ 3.41   ][ 500.00 ][ 500.00 ]

7  [ 500.00 ][ 4.00   ][ 3.00   ][ 2.00   ][ 1.00   ][ 0.00   ][ 1.00   ][ 2.00   ][ 3.00   ][ 500.00 ][ 500.00 ]

6  [ 500.00 ][ 4.41   ][ 3.41   ][ 2.41   ][ 1.41   ][ 1.00   ][ 500.00 ][ 500.00 ][ 500.00 ][ 500.00 ][ 500.00 ]

5  [ 500.00 ][ 4.83   ][ 3.83   ][ 2.83   ][ 2.41   ][ 2.00   ][ 500.00 ][ 500.00 ][ 500.00 ][ 500.00 ][ 500.00 ]

4  [ 500.00 ][ 5.24   ][ 4.24   ][ 3.83   ][ 3.41   ][ 3.00   ][ 500.00 ][ 500.00 ][ 500.00 ][ 500.00 ][ 500.00 ]

3  [ 500.00 ][ 5.66   ][ 5.24   ][ 4.83   ][ 4.41   ][ 4.00   ][ 500.00 ][ 500.00 ][ 500.00 ][ 500.00 ][ 500.00 ]

2  [ 500.00 ][ 6.66   ][ 6.24   ][ 5.83   ][ 5.41   ][ 5.00   ][ 500.00 ][ 500.00 ][ 500.00 ][ 500.00 ][ 500.00 ]

1  [ 500.00 ][ 500.00 ][ 500.00 ][ 500.00 ][ 500.00 ][ 500.00 ][ 500.00 ][ 500.00 ][ 500.00 ][ 500.00 ][ 500.00 ]

0  [ 500.00 ][ 500.00 ][ 500.00 ][ 500.00 ][ 500.00 ][ 500.00 ][ 500.00 ][ 500.00 ][ 500.00 ][ 500.00 ][ 500.00 ]
        0         1         2         3         4         5         6         7         8         9         10     

10 [ ##### ][ ##### ][ ##### ][ ##### ][ ##### ][ ##### ][ ##### ][ ##### ][ ##### ][ ##### ][ ##### ]

9  [ ##### ][       ][       ][       ][       ][ ##### ][       ][       ][       ][ ##### ][ ##### ]

8  [ ##### ][ ##### ][ ##### ][ ##### ][ ##### ][ ##### ][       ][       ][       ][ ##### ][ ##### ]

7  [ ##### ][       ][       ][       ][       ][ GOAL  ][       ][       ][       ][ ##### ][ ##### ]

6  [ ##### ][       ][       ][       ][   *   ][       ][ ##### ][ ##### ][ ##### ][ ##### ][ ##### ]

5  [ ##### ][       ][       ][   *   ][       ][       ][ ##### ][       ][       ][       ][ ##### ]

4  [ ##### ][       ][ ROBOT ][       ][       ][       ][ ##### ][       ][       ][       ][ ##### ]

3  [ ##### ][       ][       ][       ][       ][       ][ ##### ][       ][       ][       ][ ##### ]

2  [ ##### ][       ][       ][       ][       ][       ][ ##### ][       ][       ][       ][ ##### ]

1  [ ##### ][ ##### ][ ##### ][ ##### ][ ##### ][ ##### ][ ##### ][       ][       ][       ][ ##### ]

0  [ ##### ][ ##### ][ ##### ][ ##### ][ ##### ][ ##### ][ ##### ][ ##### ][ ##### ][ ##### ][ ##### ]
       0        1        2        3        4        5        6        7        8        9        10    

cell x: 2.99, cell y: 4.74
x: 0.90, y: 1.42, heading 1.57

-------------------------------------------------------------------------

path: [4.41, 6.41]->[5.41, 7.41]

10 [ 500.00 ][ 500.00 ][ 500.00 ][ 500.00 ][ 500.00 ][ 500.00 ][ 500.00 ][ 500.00 ][ 500.00 ][ 500.00 ][ 500.00 ]

9  [ 500.00 ][ 500.00 ][ 500.00 ][ 500.00 ][ 500.00 ][ 500.00 ][ 2.41   ][ 2.83   ][ 3.83   ][ 500.00 ][ 500.00 ]

8  [ 500.00 ][ 500.00 ][ 500.00 ][ 500.00 ][ 500.00 ][ 500.00 ][ 1.41   ][ 2.41   ][ 3.41   ][ 500.00 ][ 500.00 ]

7  [ 500.00 ][ 4.00   ][ 3.00   ][ 2.00   ][ 1.00   ][ 0.00   ][ 1.00   ][ 2.00   ][ 3.00   ][ 500.00 ][ 500.00 ]

6  [ 500.00 ][ 4.41   ][ 3.41   ][ 2.41   ][ 1.41   ][ 1.00   ][ 500.00 ][ 500.00 ][ 500.00 ][ 500.00 ][ 500.00 ]

5  [ 500.00 ][ 4.83   ][ 3.83   ][ 2.83   ][ 2.41   ][ 2.00   ][ 500.00 ][ 500.00 ][ 500.00 ][ 500.00 ][ 500.00 ]

4  [ 500.00 ][ 5.24   ][ 4.24   ][ 3.83   ][ 3.41   ][ 3.00   ][ 500.00 ][ 500.00 ][ 500.00 ][ 500.00 ][ 500.00 ]

3  [ 500.00 ][ 5.66   ][ 5.24   ][ 4.83   ][ 4.41   ][ 4.00   ][ 500.00 ][ 500.00 ][ 500.00 ][ 500.00 ][ 500.00 ]

2  [ 500.00 ][ 6.66   ][ 6.24   ][ 5.83   ][ 5.41   ][ 5.00   ][ 500.00 ][ 500.00 ][ 500.00 ][ 500.00 ][ 500.00 ]

1  [ 500.00 ][ 500.00 ][ 500.00 ][ 500.00 ][ 500.00 ][ 500.00 ][ 500.00 ][ 500.00 ][ 500.00 ][ 500.00 ][ 500.00 ]

0  [ 500.00 ][ 500.00 ][ 500.00 ][ 500.00 ][ 500.00 ][ 500.00 ][ 500.00 ][ 500.00 ][ 500.00 ][ 500.00 ][ 500.00 ]
        0         1         2         3         4         5         6         7         8         9         10     

10 [ ##### ][ ##### ][ ##### ][ ##### ][ ##### ][ ##### ][ ##### ][ ##### ][ ##### ][ ##### ][ ##### ]

9  [ ##### ][       ][       ][       ][       ][ ##### ][       ][       ][       ][ ##### ][ ##### ]

8  [ ##### ][ ##### ][ ##### ][ ##### ][ ##### ][ ##### ][       ][       ][       ][ ##### ][ ##### ]

7  [ ##### ][       ][       ][       ][       ][ GOAL  ][       ][       ][       ][ ##### ][ ##### ]

6  [ ##### ][       ][       ][       ][   *   ][       ][ ##### ][ ##### ][ ##### ][ ##### ][ ##### ]

5  [ ##### ][       ][       ][ ROBOT ][       ][       ][ ##### ][       ][       ][       ][ ##### ]

4  [ ##### ][       ][       ][       ][       ][       ][ ##### ][       ][       ][       ][ ##### ]

3  [ ##### ][       ][       ][       ][       ][       ][ ##### ][       ][       ][       ][ ##### ]

2  [ ##### ][       ][       ][       ][       ][       ][ ##### ][       ][       ][       ][ ##### ]

1  [ ##### ][ ##### ][ ##### ][ ##### ][ ##### ][ ##### ][ ##### ][       ][       ][       ][ ##### ]

0  [ ##### ][ ##### ][ ##### ][ ##### ][ ##### ][ ##### ][ ##### ][ ##### ][ ##### ][ ##### ][ ##### ]
       0        1        2        3        4        5        6        7        8        9        10    

cell x: 3.41, cell y: 5.41
x: 1.02, y: 1.62, heading 1.57

-------------------------------------------------------------------------

path: [5.41, 7.41]

10 [ 500.00 ][ 500.00 ][ 500.00 ][ 500.00 ][ 500.00 ][ 500.00 ][ 500.00 ][ 500.00 ][ 500.00 ][ 500.00 ][ 500.00 ]

9  [ 500.00 ][ 500.00 ][ 500.00 ][ 500.00 ][ 500.00 ][ 500.00 ][ 2.41   ][ 2.83   ][ 3.83   ][ 500.00 ][ 500.00 ]

8  [ 500.00 ][ 500.00 ][ 500.00 ][ 500.00 ][ 500.00 ][ 500.00 ][ 1.41   ][ 2.41   ][ 3.41   ][ 500.00 ][ 500.00 ]

7  [ 500.00 ][ 4.00   ][ 3.00   ][ 2.00   ][ 1.00   ][ 0.00   ][ 1.00   ][ 2.00   ][ 3.00   ][ 500.00 ][ 500.00 ]

6  [ 500.00 ][ 4.41   ][ 3.41   ][ 2.41   ][ 1.41   ][ 1.00   ][ 500.00 ][ 500.00 ][ 500.00 ][ 500.00 ][ 500.00 ]

5  [ 500.00 ][ 4.83   ][ 3.83   ][ 2.83   ][ 2.41   ][ 2.00   ][ 500.00 ][ 500.00 ][ 500.00 ][ 500.00 ][ 500.00 ]

4  [ 500.00 ][ 5.24   ][ 4.24   ][ 3.83   ][ 3.41   ][ 3.00   ][ 500.00 ][ 500.00 ][ 500.00 ][ 500.00 ][ 500.00 ]

3  [ 500.00 ][ 5.66   ][ 5.24   ][ 4.83   ][ 4.41   ][ 4.00   ][ 500.00 ][ 500.00 ][ 500.00 ][ 500.00 ][ 500.00 ]

2  [ 500.00 ][ 6.66   ][ 6.24   ][ 5.83   ][ 5.41   ][ 5.00   ][ 500.00 ][ 500.00 ][ 500.00 ][ 500.00 ][ 500.00 ]

1  [ 500.00 ][ 500.00 ][ 500.00 ][ 500.00 ][ 500.00 ][ 500.00 ][ 500.00 ][ 500.00 ][ 500.00 ][ 500.00 ][ 500.00 ]

0  [ 500.00 ][ 500.00 ][ 500.00 ][ 500.00 ][ 500.00 ][ 500.00 ][ 500.00 ][ 500.00 ][ 500.00 ][ 500.00 ][ 500.00 ]
        0         1         2         3         4         5         6         7         8         9         10     

10 [ ##### ][ ##### ][ ##### ][ ##### ][ ##### ][ ##### ][ ##### ][ ##### ][ ##### ][ ##### ][ ##### ]

9  [ ##### ][       ][       ][       ][       ][ ##### ][       ][       ][       ][ ##### ][ ##### ]

8  [ ##### ][ ##### ][ ##### ][ ##### ][ ##### ][ ##### ][       ][       ][       ][ ##### ][ ##### ]

7  [ ##### ][       ][       ][       ][       ][ GOAL  ][       ][       ][       ][ ##### ][ ##### ]

6  [ ##### ][       ][       ][       ][ ROBOT ][       ][ ##### ][ ##### ][ ##### ][ ##### ][ ##### ]

5  [ ##### ][       ][       ][       ][       ][       ][ ##### ][       ][       ][       ][ ##### ]

4  [ ##### ][       ][       ][       ][       ][       ][ ##### ][       ][       ][       ][ ##### ]

3  [ ##### ][       ][       ][       ][       ][       ][ ##### ][       ][       ][       ][ ##### ]

2  [ ##### ][       ][       ][       ][       ][       ][ ##### ][       ][       ][       ][ ##### ]

1  [ ##### ][ ##### ][ ##### ][ ##### ][ ##### ][ ##### ][ ##### ][       ][       ][       ][ ##### ]

0  [ ##### ][ ##### ][ ##### ][ ##### ][ ##### ][ ##### ][ ##### ][ ##### ][ ##### ][ ##### ][ ##### ]
       0        1        2        3        4        5        6        7        8        9        10    

cell x: 4.41, cell y: 6.41
x: 1.32, y: 1.92, heading 1.57

-------------------------------------------------------------------------

path: 

10 [ 500.00 ][ 500.00 ][ 500.00 ][ 500.00 ][ 500.00 ][ 500.00 ][ 500.00 ][ 500.00 ][ 500.00 ][ 500.00 ][ 500.00 ]

9  [ 500.00 ][ 500.00 ][ 500.00 ][ 500.00 ][ 500.00 ][ 500.00 ][ 2.41   ][ 2.83   ][ 3.83   ][ 500.00 ][ 500.00 ]

8  [ 500.00 ][ 500.00 ][ 500.00 ][ 500.00 ][ 500.00 ][ 500.00 ][ 1.41   ][ 2.41   ][ 3.41   ][ 500.00 ][ 500.00 ]

7  [ 500.00 ][ 4.00   ][ 3.00   ][ 2.00   ][ 1.00   ][ 0.00   ][ 1.00   ][ 2.00   ][ 3.00   ][ 500.00 ][ 500.00 ]

6  [ 500.00 ][ 4.41   ][ 3.41   ][ 2.41   ][ 1.41   ][ 1.00   ][ 500.00 ][ 500.00 ][ 500.00 ][ 500.00 ][ 500.00 ]

5  [ 500.00 ][ 4.83   ][ 3.83   ][ 2.83   ][ 2.41   ][ 2.00   ][ 500.00 ][ 500.00 ][ 500.00 ][ 500.00 ][ 500.00 ]

4  [ 500.00 ][ 5.24   ][ 4.24   ][ 3.83   ][ 3.41   ][ 3.00   ][ 500.00 ][ 500.00 ][ 500.00 ][ 500.00 ][ 500.00 ]

3  [ 500.00 ][ 5.66   ][ 5.24   ][ 4.83   ][ 4.41   ][ 4.00   ][ 500.00 ][ 500.00 ][ 500.00 ][ 500.00 ][ 500.00 ]

2  [ 500.00 ][ 6.66   ][ 6.24   ][ 5.83   ][ 5.41   ][ 5.00   ][ 500.00 ][ 500.00 ][ 500.00 ][ 500.00 ][ 500.00 ]

1  [ 500.00 ][ 500.00 ][ 500.00 ][ 500.00 ][ 500.00 ][ 500.00 ][ 500.00 ][ 500.00 ][ 500.00 ][ 500.00 ][ 500.00 ]

0  [ 500.00 ][ 500.00 ][ 500.00 ][ 500.00 ][ 500.00 ][ 500.00 ][ 500.00 ][ 500.00 ][ 500.00 ][ 500.00 ][ 500.00 ]
        0         1         2         3         4         5         6         7         8         9         10     

10 [ ##### ][ ##### ][ ##### ][ ##### ][ ##### ][ ##### ][ ##### ][ ##### ][ ##### ][ ##### ][ ##### ]

9  [ ##### ][       ][       ][       ][       ][ ##### ][       ][       ][       ][ ##### ][ ##### ]

8  [ ##### ][ ##### ][ ##### ][ ##### ][ ##### ][ ##### ][       ][       ][       ][ ##### ][ ##### ]

7  [ ##### ][       ][       ][       ][       ][ ROBOT ][       ][       ][       ][ ##### ][ ##### ]

6  [ ##### ][       ][       ][       ][       ][       ][ ##### ][ ##### ][ ##### ][ ##### ][ ##### ]

5  [ ##### ][       ][       ][       ][       ][       ][ ##### ][       ][       ][       ][ ##### ]

4  [ ##### ][       ][       ][       ][       ][       ][ ##### ][       ][       ][       ][ ##### ]

3  [ ##### ][       ][       ][       ][       ][       ][ ##### ][       ][       ][       ][ ##### ]

2  [ ##### ][       ][       ][       ][       ][       ][ ##### ][       ][       ][       ][ ##### ]

1  [ ##### ][ ##### ][ ##### ][ ##### ][ ##### ][ ##### ][ ##### ][       ][       ][       ][ ##### ]

0  [ ##### ][ ##### ][ ##### ][ ##### ][ ##### ][ ##### ][ ##### ][ ##### ][ ##### ][ ##### ][ ##### ]
       0        1        2        3        4        5        6        7        8        9        10    

cell x: 5.41, cell y: 7.41
x: 1.62, y: 2.22, heading 1.57

-------------------------------------------------------------------------

path: 

10 [ 500.00 ][ 500.00 ][ 500.00 ][ 500.00 ][ 500.00 ][ 500.00 ][ 500.00 ][ 500.00 ][ 500.00 ][ 500.00 ][ 500.00 ]

9  [ 500.00 ][ 500.00 ][ 500.00 ][ 500.00 ][ 500.00 ][ 500.00 ][ 2.41   ][ 2.83   ][ 3.83   ][ 500.00 ][ 500.00 ]

8  [ 500.00 ][ 500.00 ][ 500.00 ][ 500.00 ][ 500.00 ][ 500.00 ][ 1.41   ][ 2.41   ][ 3.41   ][ 500.00 ][ 500.00 ]

7  [ 500.00 ][ 4.00   ][ 3.00   ][ 2.00   ][ 1.00   ][ 0.00   ][ 1.00   ][ 2.00   ][ 3.00   ][ 500.00 ][ 500.00 ]

6  [ 500.00 ][ 4.41   ][ 3.41   ][ 2.41   ][ 1.41   ][ 1.00   ][ 500.00 ][ 500.00 ][ 500.00 ][ 500.00 ][ 500.00 ]

5  [ 500.00 ][ 4.83   ][ 3.83   ][ 2.83   ][ 2.41   ][ 2.00   ][ 500.00 ][ 500.00 ][ 500.00 ][ 500.00 ][ 500.00 ]

4  [ 500.00 ][ 5.24   ][ 4.24   ][ 3.83   ][ 3.41   ][ 3.00   ][ 500.00 ][ 500.00 ][ 500.00 ][ 500.00 ][ 500.00 ]

3  [ 500.00 ][ 5.66   ][ 5.24   ][ 4.83   ][ 4.41   ][ 4.00   ][ 500.00 ][ 500.00 ][ 500.00 ][ 500.00 ][ 500.00 ]

2  [ 500.00 ][ 6.66   ][ 6.24   ][ 5.83   ][ 5.41   ][ 5.00   ][ 500.00 ][ 500.00 ][ 500.00 ][ 500.00 ][ 500.00 ]

1  [ 500.00 ][ 500.00 ][ 500.00 ][ 500.00 ][ 500.00 ][ 500.00 ][ 500.00 ][ 500.00 ][ 500.00 ][ 500.00 ][ 500.00 ]

0  [ 500.00 ][ 500.00 ][ 500.00 ][ 500.00 ][ 500.00 ][ 500.00 ][ 500.00 ][ 500.00 ][ 500.00 ][ 500.00 ][ 500.00 ]
        0         1         2         3         4         5         6         7         8         9         10     

10 [ ##### ][ ##### ][ ##### ][ ##### ][ ##### ][ ##### ][ ##### ][ ##### ][ ##### ][ ##### ][ ##### ]

9  [ ##### ][       ][       ][       ][       ][ ##### ][       ][       ][       ][ ##### ][ ##### ]

8  [ ##### ][ ##### ][ ##### ][ ##### ][ ##### ][ ##### ][       ][       ][       ][ ##### ][ ##### ]

7  [ ##### ][       ][       ][       ][       ][ ROBOT ][       ][       ][       ][ ##### ][ ##### ]

6  [ ##### ][       ][       ][       ][       ][       ][ ##### ][ ##### ][ ##### ][ ##### ][ ##### ]

5  [ ##### ][       ][       ][       ][       ][       ][ ##### ][       ][       ][       ][ ##### ]

4  [ ##### ][       ][       ][       ][       ][       ][ ##### ][       ][       ][       ][ ##### ]

3  [ ##### ][       ][       ][       ][       ][       ][ ##### ][       ][       ][       ][ ##### ]

2  [ ##### ][       ][       ][       ][       ][       ][ ##### ][       ][       ][       ][ ##### ]

1  [ ##### ][ ##### ][ ##### ][ ##### ][ ##### ][ ##### ][ ##### ][       ][       ][       ][ ##### ]

0  [ ##### ][ ##### ][ ##### ][ ##### ][ ##### ][ ##### ][ ##### ][ ##### ][ ##### ][ ##### ][ ##### ]
       0        1        2        3        4        5        6        7        8        9        10    

