Waiting for odometry change...
Odometry change successful!
path: 

20 [ 500.00 ][ 500.00 ][ 500.00 ][ 500.00 ][ 500.00 ][ 500.00 ][ 500.00 ][ 500.00 ][ 500.00 ][ 500.00 ][ 500.00 ][ 500.00 ][ 500.00 ][ 500.00 ][ 500.00 ][ 500.00 ][ 500.00 ][ 500.00 ][ 500.00 ][ 500.00 ][ 500.00 ]

19 [ 500.00 ][ 500.00 ][ 500.00 ][ 500.00 ][ 500.00 ][ 500.00 ][ 500.00 ][ 500.00 ][ 500.00 ][ 500.00 ][ 500.00 ][ 500.00 ][ 500.00 ][ 500.00 ][ 500.00 ][ 500.00 ][ 500.00 ][ 500.00 ][ 500.00 ][ 500.00 ][ 500.00 ]

18 [ 500.00 ][ 500.00 ][ 500.00 ][ 500.00 ][ 500.00 ][ 500.00 ][ 500.00 ][ 500.00 ][ 500.00 ][ 500.00 ][ 500.00 ][ 500.00 ][ 500.00 ][ 500.00 ][ 500.00 ][ 500.00 ][ 500.00 ][ 500.00 ][ 500.00 ][ 500.00 ][ 500.00 ]

17 [ 500.00 ][ 500.00 ][ 500.00 ][ 500.00 ][ 500.00 ][ 500.00 ][ 500.00 ][ 500.00 ][ 500.00 ][ 500.00 ][ 500.00 ][ 500.00 ][ 500.00 ][ 500.00 ][ 500.00 ][ 500.00 ][ 500.00 ][ 500.00 ][ 500.00 ][ 500.00 ][ 500.00 ]

16 [ 500.00 ][ 500.00 ][ 500.00 ][ 500.00 ][ 500.00 ][ 500.00 ][ 500.00 ][ 500.00 ][ 500.00 ][ 500.00 ][ 500.00 ][ 500.00 ][ 500.00 ][ 500.00 ][ 500.00 ][ 500.00 ][ 500.00 ][ 500.00 ][ 500.00 ][ 500.00 ][ 500.00 ]

15 [ 500.00 ][ 500.00 ][ 500.00 ][ 500.00 ][ 500.00 ][ 500.00 ][ 500.00 ][ 500.00 ][ 500.00 ][ 500.00 ][ 500.00 ][ 500.00 ][ 500.00 ][ 500.00 ][ 500.00 ][ 500.00 ][ 500.00 ][ 500.00 ][ 500.00 ][ 500.00 ][ 500.00 ]

14 [ 500.00 ][ 500.00 ][ 500.00 ][ 500.00 ][ 500.00 ][ 500.00 ][ 500.00 ][ 500.00 ][ 500.00 ][ 500.00 ][ 500.00 ][ 500.00 ][ 500.00 ][ 500.00 ][ 500.00 ][ 500.00 ][ 500.00 ][ 500.00 ][ 500.00 ][ 500.00 ][ 500.00 ]

13 [ 500.00 ][ 500.00 ][ 500.00 ][ 500.00 ][ 500.00 ][ 500.00 ][ 500.00 ][ 500.00 ][ 500.00 ][ 0.00   ][ 500.00 ][ 500.00 ][ 500.00 ][ 500.00 ][ 500.00 ][ 500.00 ][ 500.00 ][ 500.00 ][ 500.00 ][ 500.00 ][ 500.00 ]

12 [ 500.00 ][ 500.00 ][ 500.00 ][ 500.00 ][ 500.00 ][ 500.00 ][ 500.00 ][ 500.00 ][ 500.00 ][ 500.00 ][ 500.00 ][ 500.00 ][ 500.00 ][ 500.00 ][ 500.00 ][ 500.00 ][ 500.00 ][ 500.00 ][ 500.00 ][ 500.00 ][ 500.00 ]

11 [ 500.00 ][ 500.00 ][ 500.00 ][ 500.00 ][ 500.00 ][ 500.00 ][ 500.00 ][ 500.00 ][ 500.00 ][ 500.00 ][ 500.00 ][ 500.00 ][ 500.00 ][ 500.00 ][ 500.00 ][ 500.00 ][ 500.00 ][ 500.00 ][ 500.00 ][ 500.00 ][ 500.00 ]

10 [ 500.00 ][ 500.00 ][ 500.00 ][ 500.00 ][ 500.00 ][ 500.00 ][ 500.00 ][ 500.00 ][ 500.00 ][ 500.00 ][ 500.00 ][ 500.00 ][ 500.00 ][ 500.00 ][ 500.00 ][ 500.00 ][ 500.00 ][ 500.00 ][ 500.00 ][ 500.00 ][ 500.00 ]

9  [ 500.00 ][ 500.00 ][ 500.00 ][ 500.00 ][ 500.00 ][ 500.00 ][ 500.00 ][ 500.00 ][ 500.00 ][ 500.00 ][ 500.00 ][ 500.00 ][ 500.00 ][ 500.00 ][ 500.00 ][ 500.00 ][ 500.00 ][ 500.00 ][ 500.00 ][ 500.00 ][ 500.00 ]

8  [ 500.00 ][ 500.00 ][ 500.00 ][ 500.00 ][ 500.00 ][ 500.00 ][ 500.00 ][ 500.00 ][ 500.00 ][ 500.00 ][ 500.00 ][ 500.00 ][ 500.00 ][ 500.00 ][ 500.00 ][ 500.00 ][ 500.00 ][ 500.00 ][ 500.00 ][ 500.00 ][ 500.00 ]

7  [ 500.00 ][ 500.00 ][ 500.00 ][ 500.00 ][ 500.00 ][ 500.00 ][ 500.00 ][ 500.00 ][ 500.00 ][ 500.00 ][ 500.00 ][ 500.00 ][ 500.00 ][ 500.00 ][ 500.00 ][ 500.00 ][ 500.00 ][ 500.00 ][ 500.00 ][ 500.00 ][ 500.00 ]

6  [ 500.00 ][ 500.00 ][ 500.00 ][ 500.00 ][ 500.00 ][ 500.00 ][ 500.00 ][ 500.00 ][ 500.00 ][ 500.00 ][ 500.00 ][ 500.00 ][ 500.00 ][ 500.00 ][ 500.00 ][ 500.00 ][ 500.00 ][ 500.00 ][ 500.00 ][ 500.00 ][ 500.00 ]

5  [ 500.00 ][ 500.00 ][ 500.00 ][ 500.00 ][ 500.00 ][ 500.00 ][ 500.00 ][ 500.00 ][ 500.00 ][ 500.00 ][ 500.00 ][ 500.00 ][ 500.00 ][ 500.00 ][ 500.00 ][ 500.00 ][ 500.00 ][ 500.00 ][ 500.00 ][ 500.00 ][ 500.00 ]

4  [ 500.00 ][ 500.00 ][ 500.00 ][ 500.00 ][ 500.00 ][ 500.00 ][ 500.00 ][ 500.00 ][ 500.00 ][ 500.00 ][ 500.00 ][ 500.00 ][ 500.00 ][ 500.00 ][ 500.00 ][ 500.00 ][ 500.00 ][ 500.00 ][ 500.00 ][ 500.00 ][ 500.00 ]

3  [ 500.00 ][ 500.00 ][ 500.00 ][ 500.00 ][ 500.00 ][ 500.00 ][ 500.00 ][ 500.00 ][ 500.00 ][ 500.00 ][ 500.00 ][ 500.00 ][ 500.00 ][ 500.00 ][ 500.00 ][ 500.00 ][ 500.00 ][ 500.00 ][ 500.00 ][ 500.00 ][ 500.00 ]

2  [ 500.00 ][ 500.00 ][ 500.00 ][ 500.00 ][ 500.00 ][ 500.00 ][ 500.00 ][ 500.00 ][ 500.00 ][ 500.00 ][ 500.00 ][ 500.00 ][ 500.00 ][ 500.00 ][ 500.00 ][ 500.00 ][ 500.00 ][ 500.00 ][ 500.00 ][ 500.00 ][ 500.00 ]

1  [ 500.00 ][ 500.00 ][ 500.00 ][ 500.00 ][ 500.00 ][ 500.00 ][ 500.00 ][ 500.00 ][ 500.00 ][ 500.00 ][ 500.00 ][ 500.00 ][ 500.00 ][ 500.00 ][ 500.00 ][ 500.00 ][ 500.00 ][ 500.00 ][ 500.00 ][ 500.00 ][ 500.00 ]

0  [ 500.00 ][ 500.00 ][ 500.00 ][ 500.00 ][ 500.00 ][ 500.00 ][ 500.00 ][ 500.00 ][ 500.00 ][ 500.00 ][ 500.00 ][ 500.00 ][ 500.00 ][ 500.00 ][ 500.00 ][ 500.00 ][ 500.00 ][ 500.00 ][ 500.00 ][ 500.00 ][ 500.00 ]
        0         1         2         3         4         5         6         7         8         9         10        11        12        13        14        15        16        17        18        19        20     

20 [ ##### ][ ##### ][ ##### ][ ##### ][ ##### ][ ##### ][ ##### ][ ##### ][ ##### ][ ##### ][ ##### ][ ##### ][ ##### ][ ##### ][ ##### ][ ##### ][ ##### ][ ##### ][ ##### ][ ##### ][ ##### ]

19 [ ##### ][       ][       ][       ][       ][       ][       ][       ][       ][       ][ ##### ][       ][       ][       ][       ][       ][       ][       ][ ##### ][       ][ ##### ]

18 [ ##### ][       ][       ][       ][       ][       ][       ][       ][       ][       ][ ##### ][       ][       ][       ][       ][       ][       ][       ][ ##### ][       ][ ##### ]

17 [ ##### ][       ][       ][       ][       ][       ][       ][       ][       ][       ][ ##### ][       ][       ][       ][       ][       ][       ][       ][ ##### ][       ][ ##### ]

16 [ ##### ][ ##### ][ ##### ][ ##### ][ ##### ][ ##### ][ ##### ][ ##### ][ ##### ][ ##### ][ ##### ][       ][       ][       ][       ][       ][       ][       ][ ##### ][       ][ ##### ]

15 [ ##### ][       ][       ][       ][       ][       ][       ][       ][       ][       ][       ][       ][       ][       ][       ][       ][       ][       ][ ##### ][       ][ ##### ]

14 [ ##### ][       ][       ][       ][       ][       ][       ][       ][       ][       ][       ][       ][       ][       ][       ][       ][       ][       ][ ##### ][       ][ ##### ]

13 [ ##### ][       ][       ][       ][       ][       ][       ][       ][       ][ GOAL  ][       ][       ][       ][       ][       ][       ][       ][       ][ ##### ][       ][ ##### ]

12 [ ##### ][       ][       ][       ][       ][       ][       ][       ][       ][       ][       ][       ][       ][       ][       ][       ][       ][       ][ ##### ][       ][ ##### ]

11 [ ##### ][       ][       ][       ][       ][       ][       ][       ][       ][       ][       ][ ##### ][ ##### ][ ##### ][ ##### ][ ##### ][ ##### ][ ##### ][ ##### ][ ##### ][ ##### ]

10 [ ##### ][       ][       ][       ][       ][       ][       ][       ][       ][       ][       ][ ##### ][       ][       ][       ][       ][       ][       ][       ][       ][ ##### ]

9  [ ##### ][       ][       ][       ][       ][       ][       ][       ][       ][       ][       ][ ##### ][       ][       ][       ][       ][       ][       ][       ][       ][ ##### ]

8  [ ##### ][       ][       ][       ][       ][       ][       ][       ][       ][       ][       ][ ##### ][       ][       ][       ][       ][       ][       ][       ][       ][ ##### ]

7  [ ##### ][       ][       ][       ][       ][       ][       ][       ][       ][       ][       ][ ##### ][       ][       ][       ][       ][       ][       ][       ][       ][ ##### ]

6  [ ##### ][       ][       ][       ][       ][       ][       ][       ][       ][       ][       ][ ##### ][       ][       ][       ][       ][       ][       ][       ][       ][ ##### ]

5  [ ##### ][       ][       ][       ][       ][       ][       ][       ][       ][       ][       ][ ##### ][       ][       ][       ][       ][       ][       ][       ][       ][ ##### ]

4  [ ##### ][       ][       ][ ROBOT ][       ][       ][       ][       ][       ][       ][       ][ ##### ][       ][       ][       ][       ][       ][       ][       ][       ][ ##### ]

3  [ ##### ][ ##### ][ ##### ][ ##### ][ ##### ][ ##### ][ ##### ][ ##### ][ ##### ][ ##### ][ ##### ][ ##### ][       ][       ][       ][       ][       ][       ][       ][       ][ ##### ]

2  [ ##### ][       ][       ][       ][       ][       ][       ][       ][       ][       ][       ][ ##### ][       ][       ][       ][       ][       ][       ][       ][       ][ ##### ]

1  [ ##### ][       ][       ][       ][       ][       ][       ][       ][       ][       ][       ][ ##### ][       ][       ][       ][       ][       ][       ][       ][       ][ ##### ]

0  [ ##### ][ ##### ][ ##### ][ ##### ][ ##### ][ ##### ][ ##### ][ ##### ][ ##### ][ ##### ][ ##### ][ ##### ][ ##### ][ ##### ][ ##### ][ ##### ][ ##### ][ ##### ][ ##### ][ ##### ][ ##### ]
       0        1        2        3        4        5        6        7        8        9        10       11       12       13       14       15       16       17       18       19       20    

No path to Goal!
